<?xml version="1.0" encoding="UTF-8"?>
<!-- Generated by org.testng.reporters.JUnitXMLReporter -->
<testsuite hostname="Nirmal_Saxena" ignored="0" name="TestFirefox" tests="1" failures="0" timestamp="13 Feb 2017 10:20:16 GMT" time="29.348" errors="0">
  <testcase name="@BeforeMethod preCondition" time="0.0" classname="com.hrm.base.BaseTest">
    <failure type="java.lang.NullPointerException">
      <![CDATA[java.lang.NullPointerException
	at org.openqa.selenium.support.pagefactory.internal.LocatingElementHandler.invoke(LocatingElementHandler.java:51)
	at com.sun.proxy.$Proxy14.sendKeys(Unknown Source)
	at com.hrm.pages.LoginPage.login(LoginPage.java:25)
	at com.hrm.base.BaseTest.preCondition(BaseTest.java:107)
... Removed 31 stack frames]]>
    </failure>
  </testcase> <!-- @BeforeMethod preCondition -->
  <testcase name="@AfterMethod postCondition" time="0.0" classname="com.hrm.base.BaseTest">
    <skipped/>
  </testcase> <!-- @AfterMethod postCondition -->
  <testcase name="@AfterClass closeApplication" time="0.0" classname="com.hrm.base.BaseTest">
    <skipped/>
  </testcase> <!-- @AfterClass closeApplication -->
  <testcase name="testCreateEmployee" time="0.004" classname="com.hrm.scripts.CreateEmployee">
    <skipped/>
  </testcase> <!-- testCreateEmployee -->
</testsuite> <!-- TestFirefox -->
